<?xml version="1.0" encoding="UTF-8"?>
<!-- Generated by org.testng.reporters.JUnitReportReporter -->
<testsuite hostname="SplitX2" failures="0" tests="1" name="home_task33_main" time="29.504" errors="0" timestamp="30 Nov 2020 10:30:36 GMT" skipped="0">
  <testcase classname="home_task33_main" name="testSelenide" time="29.504"/>
</testsuite> <!-- home_task33_main -->
