<?xml version="1.0" encoding="UTF-8"?>
<!-- Generated by org.testng.reporters.JUnitReportReporter -->
<testsuite hostname="SplitX2" failures="0" tests="1" name="home_task33_main" time="29.648" errors="0" timestamp="04 Dec 2020 19:12:28 GMT" skipped="0">
  <testcase classname="home_task33_main" name="testSelenide" time="29.648"/>
</testsuite> <!-- home_task33_main -->
